Connecting to database specified by database.yml
Connecting to database specified by database.yml
Connecting to database specified by database.yml
Connecting to database specified by database.yml
  [1m[36m (0.1ms)[0m  [1mselect sqlite_version(*)[0m
  [1m[35m (1.2ms)[0m  CREATE TABLE "schema_migrations" ("version" varchar(255) NOT NULL) 
  [1m[36m (1.0ms)[0m  [1mCREATE UNIQUE INDEX "unique_schema_migrations" ON "schema_migrations" ("version")[0m
  [1m[35m (2.6ms)[0m  SELECT "schema_migrations"."version" FROM "schema_migrations" 
Migrating to CreateUsers (20130726033228)
  [1m[36m (0.0ms)[0m  [1mbegin transaction[0m
  [1m[35m (0.4ms)[0m  CREATE TABLE "users" ("id" INTEGER PRIMARY KEY AUTOINCREMENT NOT NULL, "name" varchar(255), "created_at" datetime NOT NULL, "updated_at" datetime NOT NULL) 
  [1m[36m (0.1ms)[0m  [1mINSERT INTO "schema_migrations" ("version") VALUES ('20130726033228')[0m
  [1m[35m (1.1ms)[0m  commit transaction
  [1m[36m (0.1ms)[0m  [1mSELECT "schema_migrations"."version" FROM "schema_migrations" [0m
Connecting to database specified by database.yml
  [1m[36m (1.3ms)[0m  [1mSELECT "schema_migrations"."version" FROM "schema_migrations" [0m
  [1m[35m (0.2ms)[0m  select sqlite_version(*)
  [1m[36m (1.0ms)[0m  [1mCREATE TABLE "users" ("id" INTEGER PRIMARY KEY AUTOINCREMENT NOT NULL, "name" varchar(255), "created_at" datetime NOT NULL, "updated_at" datetime NOT NULL) [0m
  [1m[35m (0.8ms)[0m  CREATE TABLE "schema_migrations" ("version" varchar(255) NOT NULL) 
  [1m[36m (1.0ms)[0m  [1mCREATE UNIQUE INDEX "unique_schema_migrations" ON "schema_migrations" ("version")[0m
  [1m[35m (0.1ms)[0m  SELECT version FROM "schema_migrations"
  [1m[36m (0.7ms)[0m  [1mINSERT INTO "schema_migrations" (version) VALUES ('20130726033228')[0m
Connecting to database specified by database.yml
Connecting to database specified by database.yml


Started GET "/" for 127.0.0.1 at 2013-07-25 21:36:18 -0700

SyntaxError (/Users/Colette/Dev_Stuff/CF_Tracker/app/controllers/user_controller.rb:16: syntax error, unexpected '=', expecting keyword_end
      flash [:alert]="User has not been created."
                     ^
/Users/Colette/Dev_Stuff/CF_Tracker/app/controllers/user_controller.rb:29: syntax error, unexpected '=', expecting keyword_end
      flash [:notice] = "User has been moved to #{track}."
                       ^
/Users/Colette/Dev_Stuff/CF_Tracker/app/controllers/user_controller.rb:31: syntax error, unexpected '=', expecting keyword_end
    else[:alert] = "For some reason, you may not update this user."
                  ^):
  activesupport (3.2.13) lib/active_support/dependencies.rb:469:in `load'
  activesupport (3.2.13) lib/active_support/dependencies.rb:469:in `block in load_file'
  activesupport (3.2.13) lib/active_support/dependencies.rb:639:in `new_constants_in'
  activesupport (3.2.13) lib/active_support/dependencies.rb:468:in `load_file'
  activesupport (3.2.13) lib/active_support/dependencies.rb:353:in `require_or_load'
  activesupport (3.2.13) lib/active_support/dependencies.rb:502:in `load_missing_constant'
  activesupport (3.2.13) lib/active_support/dependencies.rb:192:in `block in const_missing'
  activesupport (3.2.13) lib/active_support/dependencies.rb:190:in `each'
  activesupport (3.2.13) lib/active_support/dependencies.rb:190:in `const_missing'
  activesupport (3.2.13) lib/active_support/inflector/methods.rb:230:in `block in constantize'
  activesupport (3.2.13) lib/active_support/inflector/methods.rb:229:in `each'
  activesupport (3.2.13) lib/active_support/inflector/methods.rb:229:in `constantize'
  activesupport (3.2.13) lib/active_support/dependencies.rb:554:in `get'
  actionpack (3.2.13) lib/action_dispatch/routing/route_set.rb:69:in `controller_reference'
  actionpack (3.2.13) lib/action_dispatch/routing/route_set.rb:54:in `controller'
  actionpack (3.2.13) lib/action_dispatch/routing/route_set.rb:32:in `call'
  journey (1.0.4) lib/journey/router.rb:68:in `block in call'
  journey (1.0.4) lib/journey/router.rb:56:in `each'
  journey (1.0.4) lib/journey/router.rb:56:in `call'
  actionpack (3.2.13) lib/action_dispatch/routing/route_set.rb:612:in `call'
  actionpack (3.2.13) lib/action_dispatch/middleware/best_standards_support.rb:17:in `call'
  rack (1.4.5) lib/rack/etag.rb:23:in `call'
  rack (1.4.5) lib/rack/conditionalget.rb:25:in `call'
  actionpack (3.2.13) lib/action_dispatch/middleware/head.rb:14:in `call'
  actionpack (3.2.13) lib/action_dispatch/middleware/params_parser.rb:21:in `call'
  actionpack (3.2.13) lib/action_dispatch/middleware/flash.rb:242:in `call'
  rack (1.4.5) lib/rack/session/abstract/id.rb:210:in `context'
  rack (1.4.5) lib/rack/session/abstract/id.rb:205:in `call'
  actionpack (3.2.13) lib/action_dispatch/middleware/cookies.rb:341:in `call'
  activerecord (3.2.13) lib/active_record/query_cache.rb:64:in `call'
  activerecord (3.2.13) lib/active_record/connection_adapters/abstract/connection_pool.rb:479:in `call'
  actionpack (3.2.13) lib/action_dispatch/middleware/callbacks.rb:28:in `block in call'
  activesupport (3.2.13) lib/active_support/callbacks.rb:405:in `_run__3820519625890483741__call__4437073507258641934__callbacks'
  activesupport (3.2.13) lib/active_support/callbacks.rb:405:in `__run_callback'
  activesupport (3.2.13) lib/active_support/callbacks.rb:385:in `_run_call_callbacks'
  activesupport (3.2.13) lib/active_support/callbacks.rb:81:in `run_callbacks'
  actionpack (3.2.13) lib/action_dispatch/middleware/callbacks.rb:27:in `call'
  actionpack (3.2.13) lib/action_dispatch/middleware/reloader.rb:65:in `call'
  actionpack (3.2.13) lib/action_dispatch/middleware/remote_ip.rb:31:in `call'
  actionpack (3.2.13) lib/action_dispatch/middleware/debug_exceptions.rb:16:in `call'
  actionpack (3.2.13) lib/action_dispatch/middleware/show_exceptions.rb:56:in `call'
  railties (3.2.13) lib/rails/rack/logger.rb:32:in `call_app'
  railties (3.2.13) lib/rails/rack/logger.rb:16:in `block in call'
  activesupport (3.2.13) lib/active_support/tagged_logging.rb:22:in `tagged'
  railties (3.2.13) lib/rails/rack/logger.rb:16:in `call'
  actionpack (3.2.13) lib/action_dispatch/middleware/request_id.rb:22:in `call'
  rack (1.4.5) lib/rack/methodoverride.rb:21:in `call'
  rack (1.4.5) lib/rack/runtime.rb:17:in `call'
  activesupport (3.2.13) lib/active_support/cache/strategy/local_cache.rb:72:in `call'
  rack (1.4.5) lib/rack/lock.rb:15:in `call'
  actionpack (3.2.13) lib/action_dispatch/middleware/static.rb:63:in `call'
  railties (3.2.13) lib/rails/engine.rb:479:in `call'
  railties (3.2.13) lib/rails/application.rb:223:in `call'
  rack (1.4.5) lib/rack/content_length.rb:14:in `call'
  railties (3.2.13) lib/rails/rack/log_tailer.rb:17:in `call'
  rack (1.4.5) lib/rack/handler/webrick.rb:59:in `service'
  /Users/Colette/.rvm/rubies/ruby-1.9.3-p448/lib/ruby/1.9.1/webrick/httpserver.rb:138:in `service'
  /Users/Colette/.rvm/rubies/ruby-1.9.3-p448/lib/ruby/1.9.1/webrick/httpserver.rb:94:in `run'
  /Users/Colette/.rvm/rubies/ruby-1.9.3-p448/lib/ruby/1.9.1/webrick/server.rb:191:in `block in start_thread'


  Rendered /Users/Colette/.rvm/gems/ruby-1.9.3-p448@rails3/gems/actionpack-3.2.13/lib/action_dispatch/middleware/templates/rescues/_trace.erb (1.2ms)
  Rendered /Users/Colette/.rvm/gems/ruby-1.9.3-p448@rails3/gems/actionpack-3.2.13/lib/action_dispatch/middleware/templates/rescues/_request_and_response.erb (3.6ms)
  Rendered /Users/Colette/.rvm/gems/ruby-1.9.3-p448@rails3/gems/actionpack-3.2.13/lib/action_dispatch/middleware/templates/rescues/diagnostics.erb within rescues/layout (31.7ms)


Started GET "/" for 127.0.0.1 at 2013-07-25 21:45:19 -0700

ActionController::RoutingError (uninitialized constant UserController):
  activesupport (3.2.13) lib/active_support/inflector/methods.rb:230:in `block in constantize'
  activesupport (3.2.13) lib/active_support/inflector/methods.rb:229:in `each'
  activesupport (3.2.13) lib/active_support/inflector/methods.rb:229:in `constantize'
  actionpack (3.2.13) lib/action_dispatch/routing/route_set.rb:69:in `controller_reference'
  actionpack (3.2.13) lib/action_dispatch/routing/route_set.rb:54:in `controller'
  actionpack (3.2.13) lib/action_dispatch/routing/route_set.rb:32:in `call'
  journey (1.0.4) lib/journey/router.rb:68:in `block in call'
  journey (1.0.4) lib/journey/router.rb:56:in `each'
  journey (1.0.4) lib/journey/router.rb:56:in `call'
  actionpack (3.2.13) lib/action_dispatch/routing/route_set.rb:612:in `call'
  actionpack (3.2.13) lib/action_dispatch/middleware/best_standards_support.rb:17:in `call'
  rack (1.4.5) lib/rack/etag.rb:23:in `call'
  rack (1.4.5) lib/rack/conditionalget.rb:25:in `call'
  actionpack (3.2.13) lib/action_dispatch/middleware/head.rb:14:in `call'
  actionpack (3.2.13) lib/action_dispatch/middleware/params_parser.rb:21:in `call'
  actionpack (3.2.13) lib/action_dispatch/middleware/flash.rb:242:in `call'
  rack (1.4.5) lib/rack/session/abstract/id.rb:210:in `context'
  rack (1.4.5) lib/rack/session/abstract/id.rb:205:in `call'
  actionpack (3.2.13) lib/action_dispatch/middleware/cookies.rb:341:in `call'
  activerecord (3.2.13) lib/active_record/query_cache.rb:64:in `call'
  activerecord (3.2.13) lib/active_record/connection_adapters/abstract/connection_pool.rb:479:in `call'
  actionpack (3.2.13) lib/action_dispatch/middleware/callbacks.rb:28:in `block in call'
  activesupport (3.2.13) lib/active_support/callbacks.rb:405:in `_run__3820519625890483741__call__4437073507258641934__callbacks'
  activesupport (3.2.13) lib/active_support/callbacks.rb:405:in `__run_callback'
  activesupport (3.2.13) lib/active_support/callbacks.rb:385:in `_run_call_callbacks'
  activesupport (3.2.13) lib/active_support/callbacks.rb:81:in `run_callbacks'
  actionpack (3.2.13) lib/action_dispatch/middleware/callbacks.rb:27:in `call'
  actionpack (3.2.13) lib/action_dispatch/middleware/reloader.rb:65:in `call'
  actionpack (3.2.13) lib/action_dispatch/middleware/remote_ip.rb:31:in `call'
  actionpack (3.2.13) lib/action_dispatch/middleware/debug_exceptions.rb:16:in `call'
  actionpack (3.2.13) lib/action_dispatch/middleware/show_exceptions.rb:56:in `call'
  railties (3.2.13) lib/rails/rack/logger.rb:32:in `call_app'
  railties (3.2.13) lib/rails/rack/logger.rb:16:in `block in call'
  activesupport (3.2.13) lib/active_support/tagged_logging.rb:22:in `tagged'
  railties (3.2.13) lib/rails/rack/logger.rb:16:in `call'
  actionpack (3.2.13) lib/action_dispatch/middleware/request_id.rb:22:in `call'
  rack (1.4.5) lib/rack/methodoverride.rb:21:in `call'
  rack (1.4.5) lib/rack/runtime.rb:17:in `call'
  activesupport (3.2.13) lib/active_support/cache/strategy/local_cache.rb:72:in `call'
  rack (1.4.5) lib/rack/lock.rb:15:in `call'
  actionpack (3.2.13) lib/action_dispatch/middleware/static.rb:63:in `call'
  railties (3.2.13) lib/rails/engine.rb:479:in `call'
  railties (3.2.13) lib/rails/application.rb:223:in `call'
  rack (1.4.5) lib/rack/content_length.rb:14:in `call'
  railties (3.2.13) lib/rails/rack/log_tailer.rb:17:in `call'
  rack (1.4.5) lib/rack/handler/webrick.rb:59:in `service'
  /Users/Colette/.rvm/rubies/ruby-1.9.3-p448/lib/ruby/1.9.1/webrick/httpserver.rb:138:in `service'
  /Users/Colette/.rvm/rubies/ruby-1.9.3-p448/lib/ruby/1.9.1/webrick/httpserver.rb:94:in `run'
  /Users/Colette/.rvm/rubies/ruby-1.9.3-p448/lib/ruby/1.9.1/webrick/server.rb:191:in `block in start_thread'


  Rendered /Users/Colette/.rvm/gems/ruby-1.9.3-p448@rails3/gems/actionpack-3.2.13/lib/action_dispatch/middleware/templates/rescues/routing_error.erb within rescues/layout (0.7ms)


Started GET "/" for 127.0.0.1 at 2013-07-25 21:45:36 -0700

SyntaxError (/Users/Colette/Dev_Stuff/CF_Tracker/app/models/user.rb:3: syntax error, unexpected tIDENTIFIER, expecting keyword_end
  validates :name presence: true
                          ^):
  app/controllers/users_controller.rb:1:in `<top (required)>'


  Rendered /Users/Colette/.rvm/gems/ruby-1.9.3-p448@rails3/gems/actionpack-3.2.13/lib/action_dispatch/middleware/templates/rescues/_trace.erb (1.2ms)
  Rendered /Users/Colette/.rvm/gems/ruby-1.9.3-p448@rails3/gems/actionpack-3.2.13/lib/action_dispatch/middleware/templates/rescues/_request_and_response.erb (0.9ms)
  Rendered /Users/Colette/.rvm/gems/ruby-1.9.3-p448@rails3/gems/actionpack-3.2.13/lib/action_dispatch/middleware/templates/rescues/diagnostics.erb within rescues/layout (8.6ms)


Started GET "/" for 127.0.0.1 at 2013-07-25 21:46:02 -0700
Processing by UsersController#index as HTML
Completed 500 Internal Server Error in 52ms

ActionView::MissingTemplate (Missing template users/index, application/index with {:locale=>[:en], :formats=>[:html], :handlers=>[:erb, :builder, :coffee]}. Searched in:
  * "/Users/Colette/Dev_Stuff/CF_Tracker/app/views"
):
  actionpack (3.2.13) lib/action_view/path_set.rb:58:in `find'
  actionpack (3.2.13) lib/action_view/lookup_context.rb:109:in `find'
  actionpack (3.2.13) lib/action_view/renderer/abstract_renderer.rb:3:in `find_template'
  actionpack (3.2.13) lib/action_view/renderer/template_renderer.rb:34:in `determine_template'
  actionpack (3.2.13) lib/action_view/renderer/template_renderer.rb:10:in `render'
  actionpack (3.2.13) lib/action_view/renderer/renderer.rb:36:in `render_template'
  actionpack (3.2.13) lib/action_view/renderer/renderer.rb:17:in `render'
  actionpack (3.2.13) lib/abstract_controller/rendering.rb:110:in `_render_template'
  actionpack (3.2.13) lib/action_controller/metal/streaming.rb:225:in `_render_template'
  actionpack (3.2.13) lib/abstract_controller/rendering.rb:103:in `render_to_body'
  actionpack (3.2.13) lib/action_controller/metal/renderers.rb:28:in `render_to_body'
  actionpack (3.2.13) lib/action_controller/metal/compatibility.rb:50:in `render_to_body'
  actionpack (3.2.13) lib/abstract_controller/rendering.rb:88:in `render'
  actionpack (3.2.13) lib/action_controller/metal/rendering.rb:16:in `render'
  actionpack (3.2.13) lib/action_controller/metal/instrumentation.rb:40:in `block (2 levels) in render'
  activesupport (3.2.13) lib/active_support/core_ext/benchmark.rb:5:in `block in ms'
  /Users/Colette/.rvm/rubies/ruby-1.9.3-p448/lib/ruby/1.9.1/benchmark.rb:295:in `realtime'
  activesupport (3.2.13) lib/active_support/core_ext/benchmark.rb:5:in `ms'
  actionpack (3.2.13) lib/action_controller/metal/instrumentation.rb:40:in `block in render'
  actionpack (3.2.13) lib/action_controller/metal/instrumentation.rb:83:in `cleanup_view_runtime'
  activerecord (3.2.13) lib/active_record/railties/controller_runtime.rb:24:in `cleanup_view_runtime'
  actionpack (3.2.13) lib/action_controller/metal/instrumentation.rb:39:in `render'
  actionpack (3.2.13) lib/action_controller/metal/implicit_render.rb:10:in `default_render'
  actionpack (3.2.13) lib/action_controller/metal/implicit_render.rb:5:in `send_action'
  actionpack (3.2.13) lib/abstract_controller/base.rb:167:in `process_action'
  actionpack (3.2.13) lib/action_controller/metal/rendering.rb:10:in `process_action'
  actionpack (3.2.13) lib/abstract_controller/callbacks.rb:18:in `block in process_action'
  activesupport (3.2.13) lib/active_support/callbacks.rb:414:in `_run__4470729826507306819__process_action__1231717765214407254__callbacks'
  activesupport (3.2.13) lib/active_support/callbacks.rb:405:in `__run_callback'
  activesupport (3.2.13) lib/active_support/callbacks.rb:385:in `_run_process_action_callbacks'
  activesupport (3.2.13) lib/active_support/callbacks.rb:81:in `run_callbacks'
  actionpack (3.2.13) lib/abstract_controller/callbacks.rb:17:in `process_action'
  actionpack (3.2.13) lib/action_controller/metal/rescue.rb:29:in `process_action'
  actionpack (3.2.13) lib/action_controller/metal/instrumentation.rb:30:in `block in process_action'
  activesupport (3.2.13) lib/active_support/notifications.rb:123:in `block in instrument'
  activesupport (3.2.13) lib/active_support/notifications/instrumenter.rb:20:in `instrument'
  activesupport (3.2.13) lib/active_support/notifications.rb:123:in `instrument'
  actionpack (3.2.13) lib/action_controller/metal/instrumentation.rb:29:in `process_action'
  actionpack (3.2.13) lib/action_controller/metal/params_wrapper.rb:207:in `process_action'
  activerecord (3.2.13) lib/active_record/railties/controller_runtime.rb:18:in `process_action'
  actionpack (3.2.13) lib/abstract_controller/base.rb:121:in `process'
  actionpack (3.2.13) lib/abstract_controller/rendering.rb:45:in `process'
  actionpack (3.2.13) lib/action_controller/metal.rb:203:in `dispatch'
  actionpack (3.2.13) lib/action_controller/metal/rack_delegation.rb:14:in `dispatch'
  actionpack (3.2.13) lib/action_controller/metal.rb:246:in `block in action'
  actionpack (3.2.13) lib/action_dispatch/routing/route_set.rb:73:in `call'
  actionpack (3.2.13) lib/action_dispatch/routing/route_set.rb:73:in `dispatch'
  actionpack (3.2.13) lib/action_dispatch/routing/route_set.rb:36:in `call'
  journey (1.0.4) lib/journey/router.rb:68:in `block in call'
  journey (1.0.4) lib/journey/router.rb:56:in `each'
  journey (1.0.4) lib/journey/router.rb:56:in `call'
  actionpack (3.2.13) lib/action_dispatch/routing/route_set.rb:612:in `call'
  actionpack (3.2.13) lib/action_dispatch/middleware/best_standards_support.rb:17:in `call'
  rack (1.4.5) lib/rack/etag.rb:23:in `call'
  rack (1.4.5) lib/rack/conditionalget.rb:25:in `call'
  actionpack (3.2.13) lib/action_dispatch/middleware/head.rb:14:in `call'
  actionpack (3.2.13) lib/action_dispatch/middleware/params_parser.rb:21:in `call'
  actionpack (3.2.13) lib/action_dispatch/middleware/flash.rb:242:in `call'
  rack (1.4.5) lib/rack/session/abstract/id.rb:210:in `context'
  rack (1.4.5) lib/rack/session/abstract/id.rb:205:in `call'
  actionpack (3.2.13) lib/action_dispatch/middleware/cookies.rb:341:in `call'
  activerecord (3.2.13) lib/active_record/query_cache.rb:64:in `call'
  activerecord (3.2.13) lib/active_record/connection_adapters/abstract/connection_pool.rb:479:in `call'
  actionpack (3.2.13) lib/action_dispatch/middleware/callbacks.rb:28:in `block in call'
  activesupport (3.2.13) lib/active_support/callbacks.rb:405:in `_run__3820519625890483741__call__4437073507258641934__callbacks'
  activesupport (3.2.13) lib/active_support/callbacks.rb:405:in `__run_callback'
  activesupport (3.2.13) lib/active_support/callbacks.rb:385:in `_run_call_callbacks'
  activesupport (3.2.13) lib/active_support/callbacks.rb:81:in `run_callbacks'
  actionpack (3.2.13) lib/action_dispatch/middleware/callbacks.rb:27:in `call'
  actionpack (3.2.13) lib/action_dispatch/middleware/reloader.rb:65:in `call'
  actionpack (3.2.13) lib/action_dispatch/middleware/remote_ip.rb:31:in `call'
  actionpack (3.2.13) lib/action_dispatch/middleware/debug_exceptions.rb:16:in `call'
  actionpack (3.2.13) lib/action_dispatch/middleware/show_exceptions.rb:56:in `call'
  railties (3.2.13) lib/rails/rack/logger.rb:32:in `call_app'
  railties (3.2.13) lib/rails/rack/logger.rb:16:in `block in call'
  activesupport (3.2.13) lib/active_support/tagged_logging.rb:22:in `tagged'
  railties (3.2.13) lib/rails/rack/logger.rb:16:in `call'
  actionpack (3.2.13) lib/action_dispatch/middleware/request_id.rb:22:in `call'
  rack (1.4.5) lib/rack/methodoverride.rb:21:in `call'
  rack (1.4.5) lib/rack/runtime.rb:17:in `call'
  activesupport (3.2.13) lib/active_support/cache/strategy/local_cache.rb:72:in `call'
  rack (1.4.5) lib/rack/lock.rb:15:in `call'
  actionpack (3.2.13) lib/action_dispatch/middleware/static.rb:63:in `call'
  railties (3.2.13) lib/rails/engine.rb:479:in `call'
  railties (3.2.13) lib/rails/application.rb:223:in `call'
  rack (1.4.5) lib/rack/content_length.rb:14:in `call'
  railties (3.2.13) lib/rails/rack/log_tailer.rb:17:in `call'
  rack (1.4.5) lib/rack/handler/webrick.rb:59:in `service'
  /Users/Colette/.rvm/rubies/ruby-1.9.3-p448/lib/ruby/1.9.1/webrick/httpserver.rb:138:in `service'
  /Users/Colette/.rvm/rubies/ruby-1.9.3-p448/lib/ruby/1.9.1/webrick/httpserver.rb:94:in `run'
  /Users/Colette/.rvm/rubies/ruby-1.9.3-p448/lib/ruby/1.9.1/webrick/server.rb:191:in `block in start_thread'


  Rendered /Users/Colette/.rvm/gems/ruby-1.9.3-p448@rails3/gems/actionpack-3.2.13/lib/action_dispatch/middleware/templates/rescues/missing_template.erb within rescues/layout (0.4ms)


Started GET "/" for 127.0.0.1 at 2013-07-25 21:50:43 -0700
Processing by UsersController#index as HTML
Completed 500 Internal Server Error in 1ms

ActionView::MissingTemplate (Missing template users/index, application/index with {:locale=>[:en], :formats=>[:html], :handlers=>[:erb, :builder, :coffee]}. Searched in:
  * "/Users/Colette/Dev_Stuff/CF_Tracker/app/views"
):
  actionpack (3.2.13) lib/action_view/path_set.rb:58:in `find'
  actionpack (3.2.13) lib/action_view/lookup_context.rb:109:in `find'
  actionpack (3.2.13) lib/action_view/renderer/abstract_renderer.rb:3:in `find_template'
  actionpack (3.2.13) lib/action_view/renderer/template_renderer.rb:34:in `determine_template'
  actionpack (3.2.13) lib/action_view/renderer/template_renderer.rb:10:in `render'
  actionpack (3.2.13) lib/action_view/renderer/renderer.rb:36:in `render_template'
  actionpack (3.2.13) lib/action_view/renderer/renderer.rb:17:in `render'
  actionpack (3.2.13) lib/abstract_controller/rendering.rb:110:in `_render_template'
  actionpack (3.2.13) lib/action_controller/metal/streaming.rb:225:in `_render_template'
  actionpack (3.2.13) lib/abstract_controller/rendering.rb:103:in `render_to_body'
  actionpack (3.2.13) lib/action_controller/metal/renderers.rb:28:in `render_to_body'
  actionpack (3.2.13) lib/action_controller/metal/compatibility.rb:50:in `render_to_body'
  actionpack (3.2.13) lib/abstract_controller/rendering.rb:88:in `render'
  actionpack (3.2.13) lib/action_controller/metal/rendering.rb:16:in `render'
  actionpack (3.2.13) lib/action_controller/metal/instrumentation.rb:40:in `block (2 levels) in render'
  activesupport (3.2.13) lib/active_support/core_ext/benchmark.rb:5:in `block in ms'
  /Users/Colette/.rvm/rubies/ruby-1.9.3-p448/lib/ruby/1.9.1/benchmark.rb:295:in `realtime'
  activesupport (3.2.13) lib/active_support/core_ext/benchmark.rb:5:in `ms'
  actionpack (3.2.13) lib/action_controller/metal/instrumentation.rb:40:in `block in render'
  actionpack (3.2.13) lib/action_controller/metal/instrumentation.rb:83:in `cleanup_view_runtime'
  activerecord (3.2.13) lib/active_record/railties/controller_runtime.rb:24:in `cleanup_view_runtime'
  actionpack (3.2.13) lib/action_controller/metal/instrumentation.rb:39:in `render'
  actionpack (3.2.13) lib/action_controller/metal/implicit_render.rb:10:in `default_render'
  actionpack (3.2.13) lib/action_controller/metal/implicit_render.rb:5:in `send_action'
  actionpack (3.2.13) lib/abstract_controller/base.rb:167:in `process_action'
  actionpack (3.2.13) lib/action_controller/metal/rendering.rb:10:in `process_action'
  actionpack (3.2.13) lib/abstract_controller/callbacks.rb:18:in `block in process_action'
  activesupport (3.2.13) lib/active_support/callbacks.rb:414:in `_run__4470729826507306819__process_action__1231717765214407254__callbacks'
  activesupport (3.2.13) lib/active_support/callbacks.rb:405:in `__run_callback'
  activesupport (3.2.13) lib/active_support/callbacks.rb:385:in `_run_process_action_callbacks'
  activesupport (3.2.13) lib/active_support/callbacks.rb:81:in `run_callbacks'
  actionpack (3.2.13) lib/abstract_controller/callbacks.rb:17:in `process_action'
  actionpack (3.2.13) lib/action_controller/metal/rescue.rb:29:in `process_action'
  actionpack (3.2.13) lib/action_controller/metal/instrumentation.rb:30:in `block in process_action'
  activesupport (3.2.13) lib/active_support/notifications.rb:123:in `block in instrument'
  activesupport (3.2.13) lib/active_support/notifications/instrumenter.rb:20:in `instrument'
  activesupport (3.2.13) lib/active_support/notifications.rb:123:in `instrument'
  actionpack (3.2.13) lib/action_controller/metal/instrumentation.rb:29:in `process_action'
  actionpack (3.2.13) lib/action_controller/metal/params_wrapper.rb:207:in `process_action'
  activerecord (3.2.13) lib/active_record/railties/controller_runtime.rb:18:in `process_action'
  actionpack (3.2.13) lib/abstract_controller/base.rb:121:in `process'
  actionpack (3.2.13) lib/abstract_controller/rendering.rb:45:in `process'
  actionpack (3.2.13) lib/action_controller/metal.rb:203:in `dispatch'
  actionpack (3.2.13) lib/action_controller/metal/rack_delegation.rb:14:in `dispatch'
  actionpack (3.2.13) lib/action_controller/metal.rb:246:in `block in action'
  actionpack (3.2.13) lib/action_dispatch/routing/route_set.rb:73:in `call'
  actionpack (3.2.13) lib/action_dispatch/routing/route_set.rb:73:in `dispatch'
  actionpack (3.2.13) lib/action_dispatch/routing/route_set.rb:36:in `call'
  journey (1.0.4) lib/journey/router.rb:68:in `block in call'
  journey (1.0.4) lib/journey/router.rb:56:in `each'
  journey (1.0.4) lib/journey/router.rb:56:in `call'
  actionpack (3.2.13) lib/action_dispatch/routing/route_set.rb:612:in `call'
  actionpack (3.2.13) lib/action_dispatch/middleware/best_standards_support.rb:17:in `call'
  rack (1.4.5) lib/rack/etag.rb:23:in `call'
  rack (1.4.5) lib/rack/conditionalget.rb:25:in `call'
  actionpack (3.2.13) lib/action_dispatch/middleware/head.rb:14:in `call'
  actionpack (3.2.13) lib/action_dispatch/middleware/params_parser.rb:21:in `call'
  actionpack (3.2.13) lib/action_dispatch/middleware/flash.rb:242:in `call'
  rack (1.4.5) lib/rack/session/abstract/id.rb:210:in `context'
  rack (1.4.5) lib/rack/session/abstract/id.rb:205:in `call'
  actionpack (3.2.13) lib/action_dispatch/middleware/cookies.rb:341:in `call'
  activerecord (3.2.13) lib/active_record/query_cache.rb:64:in `call'
  activerecord (3.2.13) lib/active_record/connection_adapters/abstract/connection_pool.rb:479:in `call'
  actionpack (3.2.13) lib/action_dispatch/middleware/callbacks.rb:28:in `block in call'
  activesupport (3.2.13) lib/active_support/callbacks.rb:405:in `_run__3820519625890483741__call__4437073507258641934__callbacks'
  activesupport (3.2.13) lib/active_support/callbacks.rb:405:in `__run_callback'
  activesupport (3.2.13) lib/active_support/callbacks.rb:385:in `_run_call_callbacks'
  activesupport (3.2.13) lib/active_support/callbacks.rb:81:in `run_callbacks'
  actionpack (3.2.13) lib/action_dispatch/middleware/callbacks.rb:27:in `call'
  actionpack (3.2.13) lib/action_dispatch/middleware/reloader.rb:65:in `call'
  actionpack (3.2.13) lib/action_dispatch/middleware/remote_ip.rb:31:in `call'
  actionpack (3.2.13) lib/action_dispatch/middleware/debug_exceptions.rb:16:in `call'
  actionpack (3.2.13) lib/action_dispatch/middleware/show_exceptions.rb:56:in `call'
  railties (3.2.13) lib/rails/rack/logger.rb:32:in `call_app'
  railties (3.2.13) lib/rails/rack/logger.rb:16:in `block in call'
  activesupport (3.2.13) lib/active_support/tagged_logging.rb:22:in `tagged'
  railties (3.2.13) lib/rails/rack/logger.rb:16:in `call'
  actionpack (3.2.13) lib/action_dispatch/middleware/request_id.rb:22:in `call'
  rack (1.4.5) lib/rack/methodoverride.rb:21:in `call'
  rack (1.4.5) lib/rack/runtime.rb:17:in `call'
  activesupport (3.2.13) lib/active_support/cache/strategy/local_cache.rb:72:in `call'
  rack (1.4.5) lib/rack/lock.rb:15:in `call'
  actionpack (3.2.13) lib/action_dispatch/middleware/static.rb:63:in `call'
  railties (3.2.13) lib/rails/engine.rb:479:in `call'
  railties (3.2.13) lib/rails/application.rb:223:in `call'
  rack (1.4.5) lib/rack/content_length.rb:14:in `call'
  railties (3.2.13) lib/rails/rack/log_tailer.rb:17:in `call'
  rack (1.4.5) lib/rack/handler/webrick.rb:59:in `service'
  /Users/Colette/.rvm/rubies/ruby-1.9.3-p448/lib/ruby/1.9.1/webrick/httpserver.rb:138:in `service'
  /Users/Colette/.rvm/rubies/ruby-1.9.3-p448/lib/ruby/1.9.1/webrick/httpserver.rb:94:in `run'
  /Users/Colette/.rvm/rubies/ruby-1.9.3-p448/lib/ruby/1.9.1/webrick/server.rb:191:in `block in start_thread'


  Rendered /Users/Colette/.rvm/gems/ruby-1.9.3-p448@rails3/gems/actionpack-3.2.13/lib/action_dispatch/middleware/templates/rescues/missing_template.erb within rescues/layout (0.4ms)


Started GET "/projects" for 127.0.0.1 at 2013-07-25 21:51:02 -0700

ActionController::RoutingError (No route matches [GET] "/projects"):
  actionpack (3.2.13) lib/action_dispatch/middleware/debug_exceptions.rb:21:in `call'
  actionpack (3.2.13) lib/action_dispatch/middleware/show_exceptions.rb:56:in `call'
  railties (3.2.13) lib/rails/rack/logger.rb:32:in `call_app'
  railties (3.2.13) lib/rails/rack/logger.rb:16:in `block in call'
  activesupport (3.2.13) lib/active_support/tagged_logging.rb:22:in `tagged'
  railties (3.2.13) lib/rails/rack/logger.rb:16:in `call'
  actionpack (3.2.13) lib/action_dispatch/middleware/request_id.rb:22:in `call'
  rack (1.4.5) lib/rack/methodoverride.rb:21:in `call'
  rack (1.4.5) lib/rack/runtime.rb:17:in `call'
  activesupport (3.2.13) lib/active_support/cache/strategy/local_cache.rb:72:in `call'
  rack (1.4.5) lib/rack/lock.rb:15:in `call'
  actionpack (3.2.13) lib/action_dispatch/middleware/static.rb:63:in `call'
  railties (3.2.13) lib/rails/engine.rb:479:in `call'
  railties (3.2.13) lib/rails/application.rb:223:in `call'
  rack (1.4.5) lib/rack/content_length.rb:14:in `call'
  railties (3.2.13) lib/rails/rack/log_tailer.rb:17:in `call'
  rack (1.4.5) lib/rack/handler/webrick.rb:59:in `service'
  /Users/Colette/.rvm/rubies/ruby-1.9.3-p448/lib/ruby/1.9.1/webrick/httpserver.rb:138:in `service'
  /Users/Colette/.rvm/rubies/ruby-1.9.3-p448/lib/ruby/1.9.1/webrick/httpserver.rb:94:in `run'
  /Users/Colette/.rvm/rubies/ruby-1.9.3-p448/lib/ruby/1.9.1/webrick/server.rb:191:in `block in start_thread'


  Rendered /Users/Colette/.rvm/gems/ruby-1.9.3-p448@rails3/gems/actionpack-3.2.13/lib/action_dispatch/middleware/templates/rescues/routing_error.erb within rescues/layout (0.9ms)


Started GET "/projects" for 127.0.0.1 at 2013-07-25 21:52:18 -0700

SyntaxError (/Users/Colette/Dev_Stuff/CF_Tracker/config/routes.rb:62: syntax error, unexpected keyword_end, expecting $end):
  activesupport (3.2.13) lib/active_support/dependencies.rb:245:in `load'
  activesupport (3.2.13) lib/active_support/dependencies.rb:245:in `block in load'
  activesupport (3.2.13) lib/active_support/dependencies.rb:236:in `load_dependency'
  activesupport (3.2.13) lib/active_support/dependencies.rb:245:in `load'
  railties (3.2.13) lib/rails/application/routes_reloader.rb:40:in `block in load_paths'
  railties (3.2.13) lib/rails/application/routes_reloader.rb:40:in `each'
  railties (3.2.13) lib/rails/application/routes_reloader.rb:40:in `load_paths'
  railties (3.2.13) lib/rails/application/routes_reloader.rb:16:in `reload!'
  railties (3.2.13) lib/rails/application/routes_reloader.rb:26:in `block in updater'
  activesupport (3.2.13) lib/active_support/file_update_checker.rb:78:in `call'
  activesupport (3.2.13) lib/active_support/file_update_checker.rb:78:in `execute'
  activesupport (3.2.13) lib/active_support/file_update_checker.rb:86:in `execute_if_updated'
  railties (3.2.13) lib/rails/application/routes_reloader.rb:7:in `execute_if_updated'
  railties (3.2.13) lib/rails/application/finisher.rb:68:in `block (2 levels) in <module:Finisher>'
  activesupport (3.2.13) lib/active_support/callbacks.rb:451:in `_run__4365639079908692164__prepare__4437073507258641934__callbacks'
  activesupport (3.2.13) lib/active_support/callbacks.rb:405:in `__run_callback'
  activesupport (3.2.13) lib/active_support/callbacks.rb:385:in `_run_prepare_callbacks'
  activesupport (3.2.13) lib/active_support/callbacks.rb:81:in `run_callbacks'
  actionpack (3.2.13) lib/action_dispatch/middleware/reloader.rb:74:in `prepare!'
  actionpack (3.2.13) lib/action_dispatch/middleware/reloader.rb:64:in `call'
  actionpack (3.2.13) lib/action_dispatch/middleware/remote_ip.rb:31:in `call'
  actionpack (3.2.13) lib/action_dispatch/middleware/debug_exceptions.rb:16:in `call'
  actionpack (3.2.13) lib/action_dispatch/middleware/show_exceptions.rb:56:in `call'
  railties (3.2.13) lib/rails/rack/logger.rb:32:in `call_app'
  railties (3.2.13) lib/rails/rack/logger.rb:16:in `block in call'
  activesupport (3.2.13) lib/active_support/tagged_logging.rb:22:in `tagged'
  railties (3.2.13) lib/rails/rack/logger.rb:16:in `call'
  actionpack (3.2.13) lib/action_dispatch/middleware/request_id.rb:22:in `call'
  rack (1.4.5) lib/rack/methodoverride.rb:21:in `call'
  rack (1.4.5) lib/rack/runtime.rb:17:in `call'
  activesupport (3.2.13) lib/active_support/cache/strategy/local_cache.rb:72:in `call'
  rack (1.4.5) lib/rack/lock.rb:15:in `call'
  actionpack (3.2.13) lib/action_dispatch/middleware/static.rb:63:in `call'
  railties (3.2.13) lib/rails/engine.rb:479:in `call'
  railties (3.2.13) lib/rails/application.rb:223:in `call'
  rack (1.4.5) lib/rack/content_length.rb:14:in `call'
  railties (3.2.13) lib/rails/rack/log_tailer.rb:17:in `call'
  rack (1.4.5) lib/rack/handler/webrick.rb:59:in `service'
  /Users/Colette/.rvm/rubies/ruby-1.9.3-p448/lib/ruby/1.9.1/webrick/httpserver.rb:138:in `service'
  /Users/Colette/.rvm/rubies/ruby-1.9.3-p448/lib/ruby/1.9.1/webrick/httpserver.rb:94:in `run'
  /Users/Colette/.rvm/rubies/ruby-1.9.3-p448/lib/ruby/1.9.1/webrick/server.rb:191:in `block in start_thread'


  Rendered /Users/Colette/.rvm/gems/ruby-1.9.3-p448@rails3/gems/actionpack-3.2.13/lib/action_dispatch/middleware/templates/rescues/_trace.erb (1.1ms)
  Rendered /Users/Colette/.rvm/gems/ruby-1.9.3-p448@rails3/gems/actionpack-3.2.13/lib/action_dispatch/middleware/templates/rescues/_request_and_response.erb (1.0ms)
  Rendered /Users/Colette/.rvm/gems/ruby-1.9.3-p448@rails3/gems/actionpack-3.2.13/lib/action_dispatch/middleware/templates/rescues/diagnostics.erb within rescues/layout (8.5ms)


Started GET "/projects" for 127.0.0.1 at 2013-07-25 21:52:29 -0700

ActionController::RoutingError (uninitialized constant ProjectsController):
  activesupport (3.2.13) lib/active_support/inflector/methods.rb:230:in `block in constantize'
  activesupport (3.2.13) lib/active_support/inflector/methods.rb:229:in `each'
  activesupport (3.2.13) lib/active_support/inflector/methods.rb:229:in `constantize'
  actionpack (3.2.13) lib/action_dispatch/routing/route_set.rb:69:in `controller_reference'
  actionpack (3.2.13) lib/action_dispatch/routing/route_set.rb:54:in `controller'
  actionpack (3.2.13) lib/action_dispatch/routing/route_set.rb:32:in `call'
  journey (1.0.4) lib/journey/router.rb:68:in `block in call'
  journey (1.0.4) lib/journey/router.rb:56:in `each'
  journey (1.0.4) lib/journey/router.rb:56:in `call'
  actionpack (3.2.13) lib/action_dispatch/routing/route_set.rb:612:in `call'
  actionpack (3.2.13) lib/action_dispatch/middleware/best_standards_support.rb:17:in `call'
  rack (1.4.5) lib/rack/etag.rb:23:in `call'
  rack (1.4.5) lib/rack/conditionalget.rb:25:in `call'
  actionpack (3.2.13) lib/action_dispatch/middleware/head.rb:14:in `call'
  actionpack (3.2.13) lib/action_dispatch/middleware/params_parser.rb:21:in `call'
  actionpack (3.2.13) lib/action_dispatch/middleware/flash.rb:242:in `call'
  rack (1.4.5) lib/rack/session/abstract/id.rb:210:in `context'
  rack (1.4.5) lib/rack/session/abstract/id.rb:205:in `call'
  actionpack (3.2.13) lib/action_dispatch/middleware/cookies.rb:341:in `call'
  activerecord (3.2.13) lib/active_record/query_cache.rb:64:in `call'
  activerecord (3.2.13) lib/active_record/connection_adapters/abstract/connection_pool.rb:479:in `call'
  actionpack (3.2.13) lib/action_dispatch/middleware/callbacks.rb:28:in `block in call'
  activesupport (3.2.13) lib/active_support/callbacks.rb:405:in `_run__3820519625890483741__call__4437073507258641934__callbacks'
  activesupport (3.2.13) lib/active_support/callbacks.rb:405:in `__run_callback'
  activesupport (3.2.13) lib/active_support/callbacks.rb:385:in `_run_call_callbacks'
  activesupport (3.2.13) lib/active_support/callbacks.rb:81:in `run_callbacks'
  actionpack (3.2.13) lib/action_dispatch/middleware/callbacks.rb:27:in `call'
  actionpack (3.2.13) lib/action_dispatch/middleware/reloader.rb:65:in `call'
  actionpack (3.2.13) lib/action_dispatch/middleware/remote_ip.rb:31:in `call'
  actionpack (3.2.13) lib/action_dispatch/middleware/debug_exceptions.rb:16:in `call'
  actionpack (3.2.13) lib/action_dispatch/middleware/show_exceptions.rb:56:in `call'
  railties (3.2.13) lib/rails/rack/logger.rb:32:in `call_app'
  railties (3.2.13) lib/rails/rack/logger.rb:16:in `block in call'
  activesupport (3.2.13) lib/active_support/tagged_logging.rb:22:in `tagged'
  railties (3.2.13) lib/rails/rack/logger.rb:16:in `call'
  actionpack (3.2.13) lib/action_dispatch/middleware/request_id.rb:22:in `call'
  rack (1.4.5) lib/rack/methodoverride.rb:21:in `call'
  rack (1.4.5) lib/rack/runtime.rb:17:in `call'
  activesupport (3.2.13) lib/active_support/cache/strategy/local_cache.rb:72:in `call'
  rack (1.4.5) lib/rack/lock.rb:15:in `call'
  actionpack (3.2.13) lib/action_dispatch/middleware/static.rb:63:in `call'
  railties (3.2.13) lib/rails/engine.rb:479:in `call'
  railties (3.2.13) lib/rails/application.rb:223:in `call'
  rack (1.4.5) lib/rack/content_length.rb:14:in `call'
  railties (3.2.13) lib/rails/rack/log_tailer.rb:17:in `call'
  rack (1.4.5) lib/rack/handler/webrick.rb:59:in `service'
  /Users/Colette/.rvm/rubies/ruby-1.9.3-p448/lib/ruby/1.9.1/webrick/httpserver.rb:138:in `service'
  /Users/Colette/.rvm/rubies/ruby-1.9.3-p448/lib/ruby/1.9.1/webrick/httpserver.rb:94:in `run'
  /Users/Colette/.rvm/rubies/ruby-1.9.3-p448/lib/ruby/1.9.1/webrick/server.rb:191:in `block in start_thread'


  Rendered /Users/Colette/.rvm/gems/ruby-1.9.3-p448@rails3/gems/actionpack-3.2.13/lib/action_dispatch/middleware/templates/rescues/routing_error.erb within rescues/layout (0.6ms)


Started GET "/projects" for 127.0.0.1 at 2013-07-25 21:52:49 -0700

ActionController::RoutingError (No route matches [GET] "/projects"):
  actionpack (3.2.13) lib/action_dispatch/middleware/debug_exceptions.rb:21:in `call'
  actionpack (3.2.13) lib/action_dispatch/middleware/show_exceptions.rb:56:in `call'
  railties (3.2.13) lib/rails/rack/logger.rb:32:in `call_app'
  railties (3.2.13) lib/rails/rack/logger.rb:16:in `block in call'
  activesupport (3.2.13) lib/active_support/tagged_logging.rb:22:in `tagged'
  railties (3.2.13) lib/rails/rack/logger.rb:16:in `call'
  actionpack (3.2.13) lib/action_dispatch/middleware/request_id.rb:22:in `call'
  rack (1.4.5) lib/rack/methodoverride.rb:21:in `call'
  rack (1.4.5) lib/rack/runtime.rb:17:in `call'
  activesupport (3.2.13) lib/active_support/cache/strategy/local_cache.rb:72:in `call'
  rack (1.4.5) lib/rack/lock.rb:15:in `call'
  actionpack (3.2.13) lib/action_dispatch/middleware/static.rb:63:in `call'
  railties (3.2.13) lib/rails/engine.rb:479:in `call'
  railties (3.2.13) lib/rails/application.rb:223:in `call'
  rack (1.4.5) lib/rack/content_length.rb:14:in `call'
  railties (3.2.13) lib/rails/rack/log_tailer.rb:17:in `call'
  rack (1.4.5) lib/rack/handler/webrick.rb:59:in `service'
  /Users/Colette/.rvm/rubies/ruby-1.9.3-p448/lib/ruby/1.9.1/webrick/httpserver.rb:138:in `service'
  /Users/Colette/.rvm/rubies/ruby-1.9.3-p448/lib/ruby/1.9.1/webrick/httpserver.rb:94:in `run'
  /Users/Colette/.rvm/rubies/ruby-1.9.3-p448/lib/ruby/1.9.1/webrick/server.rb:191:in `block in start_thread'


  Rendered /Users/Colette/.rvm/gems/ruby-1.9.3-p448@rails3/gems/actionpack-3.2.13/lib/action_dispatch/middleware/templates/rescues/routing_error.erb within rescues/layout (0.5ms)


Started GET "/" for 127.0.0.1 at 2013-07-25 21:52:55 -0700
Processing by UsersController#index as HTML
Completed 500 Internal Server Error in 6ms

ActionView::MissingTemplate (Missing template users/index, application/index with {:locale=>[:en], :formats=>[:html], :handlers=>[:erb, :builder, :coffee]}. Searched in:
  * "/Users/Colette/Dev_Stuff/CF_Tracker/app/views"
):
  actionpack (3.2.13) lib/action_view/path_set.rb:58:in `find'
  actionpack (3.2.13) lib/action_view/lookup_context.rb:109:in `find'
  actionpack (3.2.13) lib/action_view/renderer/abstract_renderer.rb:3:in `find_template'
  actionpack (3.2.13) lib/action_view/renderer/template_renderer.rb:34:in `determine_template'
  actionpack (3.2.13) lib/action_view/renderer/template_renderer.rb:10:in `render'
  actionpack (3.2.13) lib/action_view/renderer/renderer.rb:36:in `render_template'
  actionpack (3.2.13) lib/action_view/renderer/renderer.rb:17:in `render'
  actionpack (3.2.13) lib/abstract_controller/rendering.rb:110:in `_render_template'
  actionpack (3.2.13) lib/action_controller/metal/streaming.rb:225:in `_render_template'
  actionpack (3.2.13) lib/abstract_controller/rendering.rb:103:in `render_to_body'
  actionpack (3.2.13) lib/action_controller/metal/renderers.rb:28:in `render_to_body'
  actionpack (3.2.13) lib/action_controller/metal/compatibility.rb:50:in `render_to_body'
  actionpack (3.2.13) lib/abstract_controller/rendering.rb:88:in `render'
  actionpack (3.2.13) lib/action_controller/metal/rendering.rb:16:in `render'
  actionpack (3.2.13) lib/action_controller/metal/instrumentation.rb:40:in `block (2 levels) in render'
  activesupport (3.2.13) lib/active_support/core_ext/benchmark.rb:5:in `block in ms'
  /Users/Colette/.rvm/rubies/ruby-1.9.3-p448/lib/ruby/1.9.1/benchmark.rb:295:in `realtime'
  activesupport (3.2.13) lib/active_support/core_ext/benchmark.rb:5:in `ms'
  actionpack (3.2.13) lib/action_controller/metal/instrumentation.rb:40:in `block in render'
  actionpack (3.2.13) lib/action_controller/metal/instrumentation.rb:83:in `cleanup_view_runtime'
  activerecord (3.2.13) lib/active_record/railties/controller_runtime.rb:24:in `cleanup_view_runtime'
  actionpack (3.2.13) lib/action_controller/metal/instrumentation.rb:39:in `render'
  actionpack (3.2.13) lib/action_controller/metal/implicit_render.rb:10:in `default_render'
  actionpack (3.2.13) lib/action_controller/metal/implicit_render.rb:5:in `send_action'
  actionpack (3.2.13) lib/abstract_controller/base.rb:167:in `process_action'
  actionpack (3.2.13) lib/action_controller/metal/rendering.rb:10:in `process_action'
  actionpack (3.2.13) lib/abstract_controller/callbacks.rb:18:in `block in process_action'
  activesupport (3.2.13) lib/active_support/callbacks.rb:414:in `_run__4470729826507306819__process_action__1231717765214407254__callbacks'
  activesupport (3.2.13) lib/active_support/callbacks.rb:405:in `__run_callback'
  activesupport (3.2.13) lib/active_support/callbacks.rb:385:in `_run_process_action_callbacks'
  activesupport (3.2.13) lib/active_support/callbacks.rb:81:in `run_callbacks'
  actionpack (3.2.13) lib/abstract_controller/callbacks.rb:17:in `process_action'
  actionpack (3.2.13) lib/action_controller/metal/rescue.rb:29:in `process_action'
  actionpack (3.2.13) lib/action_controller/metal/instrumentation.rb:30:in `block in process_action'
  activesupport (3.2.13) lib/active_support/notifications.rb:123:in `block in instrument'
  activesupport (3.2.13) lib/active_support/notifications/instrumenter.rb:20:in `instrument'
  activesupport (3.2.13) lib/active_support/notifications.rb:123:in `instrument'
  actionpack (3.2.13) lib/action_controller/metal/instrumentation.rb:29:in `process_action'
  actionpack (3.2.13) lib/action_controller/metal/params_wrapper.rb:207:in `process_action'
  activerecord (3.2.13) lib/active_record/railties/controller_runtime.rb:18:in `process_action'
  actionpack (3.2.13) lib/abstract_controller/base.rb:121:in `process'
  actionpack (3.2.13) lib/abstract_controller/rendering.rb:45:in `process'
  actionpack (3.2.13) lib/action_controller/metal.rb:203:in `dispatch'
  actionpack (3.2.13) lib/action_controller/metal/rack_delegation.rb:14:in `dispatch'
  actionpack (3.2.13) lib/action_controller/metal.rb:246:in `block in action'
  actionpack (3.2.13) lib/action_dispatch/routing/route_set.rb:73:in `call'
  actionpack (3.2.13) lib/action_dispatch/routing/route_set.rb:73:in `dispatch'
  actionpack (3.2.13) lib/action_dispatch/routing/route_set.rb:36:in `call'
  journey (1.0.4) lib/journey/router.rb:68:in `block in call'
  journey (1.0.4) lib/journey/router.rb:56:in `each'
  journey (1.0.4) lib/journey/router.rb:56:in `call'
  actionpack (3.2.13) lib/action_dispatch/routing/route_set.rb:612:in `call'
  actionpack (3.2.13) lib/action_dispatch/middleware/best_standards_support.rb:17:in `call'
  rack (1.4.5) lib/rack/etag.rb:23:in `call'
  rack (1.4.5) lib/rack/conditionalget.rb:25:in `call'
  actionpack (3.2.13) lib/action_dispatch/middleware/head.rb:14:in `call'
  actionpack (3.2.13) lib/action_dispatch/middleware/params_parser.rb:21:in `call'
  actionpack (3.2.13) lib/action_dispatch/middleware/flash.rb:242:in `call'
  rack (1.4.5) lib/rack/session/abstract/id.rb:210:in `context'
  rack (1.4.5) lib/rack/session/abstract/id.rb:205:in `call'
  actionpack (3.2.13) lib/action_dispatch/middleware/cookies.rb:341:in `call'
  activerecord (3.2.13) lib/active_record/query_cache.rb:64:in `call'
  activerecord (3.2.13) lib/active_record/connection_adapters/abstract/connection_pool.rb:479:in `call'
  actionpack (3.2.13) lib/action_dispatch/middleware/callbacks.rb:28:in `block in call'
  activesupport (3.2.13) lib/active_support/callbacks.rb:405:in `_run__3820519625890483741__call__4437073507258641934__callbacks'
  activesupport (3.2.13) lib/active_support/callbacks.rb:405:in `__run_callback'
  activesupport (3.2.13) lib/active_support/callbacks.rb:385:in `_run_call_callbacks'
  activesupport (3.2.13) lib/active_support/callbacks.rb:81:in `run_callbacks'
  actionpack (3.2.13) lib/action_dispatch/middleware/callbacks.rb:27:in `call'
  actionpack (3.2.13) lib/action_dispatch/middleware/reloader.rb:65:in `call'
  actionpack (3.2.13) lib/action_dispatch/middleware/remote_ip.rb:31:in `call'
  actionpack (3.2.13) lib/action_dispatch/middleware/debug_exceptions.rb:16:in `call'
  actionpack (3.2.13) lib/action_dispatch/middleware/show_exceptions.rb:56:in `call'
  railties (3.2.13) lib/rails/rack/logger.rb:32:in `call_app'
  railties (3.2.13) lib/rails/rack/logger.rb:16:in `block in call'
  activesupport (3.2.13) lib/active_support/tagged_logging.rb:22:in `tagged'
  railties (3.2.13) lib/rails/rack/logger.rb:16:in `call'
  actionpack (3.2.13) lib/action_dispatch/middleware/request_id.rb:22:in `call'
  rack (1.4.5) lib/rack/methodoverride.rb:21:in `call'
  rack (1.4.5) lib/rack/runtime.rb:17:in `call'
  activesupport (3.2.13) lib/active_support/cache/strategy/local_cache.rb:72:in `call'
  rack (1.4.5) lib/rack/lock.rb:15:in `call'
  actionpack (3.2.13) lib/action_dispatch/middleware/static.rb:63:in `call'
  railties (3.2.13) lib/rails/engine.rb:479:in `call'
  railties (3.2.13) lib/rails/application.rb:223:in `call'
  rack (1.4.5) lib/rack/content_length.rb:14:in `call'
  railties (3.2.13) lib/rails/rack/log_tailer.rb:17:in `call'
  rack (1.4.5) lib/rack/handler/webrick.rb:59:in `service'
  /Users/Colette/.rvm/rubies/ruby-1.9.3-p448/lib/ruby/1.9.1/webrick/httpserver.rb:138:in `service'
  /Users/Colette/.rvm/rubies/ruby-1.9.3-p448/lib/ruby/1.9.1/webrick/httpserver.rb:94:in `run'
  /Users/Colette/.rvm/rubies/ruby-1.9.3-p448/lib/ruby/1.9.1/webrick/server.rb:191:in `block in start_thread'


  Rendered /Users/Colette/.rvm/gems/ruby-1.9.3-p448@rails3/gems/actionpack-3.2.13/lib/action_dispatch/middleware/templates/rescues/missing_template.erb within rescues/layout (0.5ms)


Started GET "/" for 127.0.0.1 at 2013-07-25 21:58:15 -0700
Processing by UsersController#index as HTML
Completed 500 Internal Server Error in 6ms

ActionView::MissingTemplate (Missing template users/index, application/index with {:locale=>[:en], :formats=>[:html], :handlers=>[:erb, :builder, :coffee]}. Searched in:
  * "/Users/Colette/Dev_Stuff/CF_Tracker/app/views"
):
  actionpack (3.2.13) lib/action_view/path_set.rb:58:in `find'
  actionpack (3.2.13) lib/action_view/lookup_context.rb:109:in `find'
  actionpack (3.2.13) lib/action_view/renderer/abstract_renderer.rb:3:in `find_template'
  actionpack (3.2.13) lib/action_view/renderer/template_renderer.rb:34:in `determine_template'
  actionpack (3.2.13) lib/action_view/renderer/template_renderer.rb:10:in `render'
  actionpack (3.2.13) lib/action_view/renderer/renderer.rb:36:in `render_template'
  actionpack (3.2.13) lib/action_view/renderer/renderer.rb:17:in `render'
  actionpack (3.2.13) lib/abstract_controller/rendering.rb:110:in `_render_template'
  actionpack (3.2.13) lib/action_controller/metal/streaming.rb:225:in `_render_template'
  actionpack (3.2.13) lib/abstract_controller/rendering.rb:103:in `render_to_body'
  actionpack (3.2.13) lib/action_controller/metal/renderers.rb:28:in `render_to_body'
  actionpack (3.2.13) lib/action_controller/metal/compatibility.rb:50:in `render_to_body'
  actionpack (3.2.13) lib/abstract_controller/rendering.rb:88:in `render'
  actionpack (3.2.13) lib/action_controller/metal/rendering.rb:16:in `render'
  actionpack (3.2.13) lib/action_controller/metal/instrumentation.rb:40:in `block (2 levels) in render'
  activesupport (3.2.13) lib/active_support/core_ext/benchmark.rb:5:in `block in ms'
  /Users/Colette/.rvm/rubies/ruby-1.9.3-p448/lib/ruby/1.9.1/benchmark.rb:295:in `realtime'
  activesupport (3.2.13) lib/active_support/core_ext/benchmark.rb:5:in `ms'
  actionpack (3.2.13) lib/action_controller/metal/instrumentation.rb:40:in `block in render'
  actionpack (3.2.13) lib/action_controller/metal/instrumentation.rb:83:in `cleanup_view_runtime'
  activerecord (3.2.13) lib/active_record/railties/controller_runtime.rb:24:in `cleanup_view_runtime'
  actionpack (3.2.13) lib/action_controller/metal/instrumentation.rb:39:in `render'
  actionpack (3.2.13) lib/action_controller/metal/implicit_render.rb:10:in `default_render'
  actionpack (3.2.13) lib/action_controller/metal/implicit_render.rb:5:in `send_action'
  actionpack (3.2.13) lib/abstract_controller/base.rb:167:in `process_action'
  actionpack (3.2.13) lib/action_controller/metal/rendering.rb:10:in `process_action'
  actionpack (3.2.13) lib/abstract_controller/callbacks.rb:18:in `block in process_action'
  activesupport (3.2.13) lib/active_support/callbacks.rb:414:in `_run__4470729826507306819__process_action__1231717765214407254__callbacks'
  activesupport (3.2.13) lib/active_support/callbacks.rb:405:in `__run_callback'
  activesupport (3.2.13) lib/active_support/callbacks.rb:385:in `_run_process_action_callbacks'
  activesupport (3.2.13) lib/active_support/callbacks.rb:81:in `run_callbacks'
  actionpack (3.2.13) lib/abstract_controller/callbacks.rb:17:in `process_action'
  actionpack (3.2.13) lib/action_controller/metal/rescue.rb:29:in `process_action'
  actionpack (3.2.13) lib/action_controller/metal/instrumentation.rb:30:in `block in process_action'
  activesupport (3.2.13) lib/active_support/notifications.rb:123:in `block in instrument'
  activesupport (3.2.13) lib/active_support/notifications/instrumenter.rb:20:in `instrument'
  activesupport (3.2.13) lib/active_support/notifications.rb:123:in `instrument'
  actionpack (3.2.13) lib/action_controller/metal/instrumentation.rb:29:in `process_action'
  actionpack (3.2.13) lib/action_controller/metal/params_wrapper.rb:207:in `process_action'
  activerecord (3.2.13) lib/active_record/railties/controller_runtime.rb:18:in `process_action'
  actionpack (3.2.13) lib/abstract_controller/base.rb:121:in `process'
  actionpack (3.2.13) lib/abstract_controller/rendering.rb:45:in `process'
  actionpack (3.2.13) lib/action_controller/metal.rb:203:in `dispatch'
  actionpack (3.2.13) lib/action_controller/metal/rack_delegation.rb:14:in `dispatch'
  actionpack (3.2.13) lib/action_controller/metal.rb:246:in `block in action'
  actionpack (3.2.13) lib/action_dispatch/routing/route_set.rb:73:in `call'
  actionpack (3.2.13) lib/action_dispatch/routing/route_set.rb:73:in `dispatch'
  actionpack (3.2.13) lib/action_dispatch/routing/route_set.rb:36:in `call'
  journey (1.0.4) lib/journey/router.rb:68:in `block in call'
  journey (1.0.4) lib/journey/router.rb:56:in `each'
  journey (1.0.4) lib/journey/router.rb:56:in `call'
  actionpack (3.2.13) lib/action_dispatch/routing/route_set.rb:612:in `call'
  actionpack (3.2.13) lib/action_dispatch/middleware/best_standards_support.rb:17:in `call'
  rack (1.4.5) lib/rack/etag.rb:23:in `call'
  rack (1.4.5) lib/rack/conditionalget.rb:25:in `call'
  actionpack (3.2.13) lib/action_dispatch/middleware/head.rb:14:in `call'
  actionpack (3.2.13) lib/action_dispatch/middleware/params_parser.rb:21:in `call'
  actionpack (3.2.13) lib/action_dispatch/middleware/flash.rb:242:in `call'
  rack (1.4.5) lib/rack/session/abstract/id.rb:210:in `context'
  rack (1.4.5) lib/rack/session/abstract/id.rb:205:in `call'
  actionpack (3.2.13) lib/action_dispatch/middleware/cookies.rb:341:in `call'
  activerecord (3.2.13) lib/active_record/query_cache.rb:64:in `call'
  activerecord (3.2.13) lib/active_record/connection_adapters/abstract/connection_pool.rb:479:in `call'
  actionpack (3.2.13) lib/action_dispatch/middleware/callbacks.rb:28:in `block in call'
  activesupport (3.2.13) lib/active_support/callbacks.rb:405:in `_run__3820519625890483741__call__4437073507258641934__callbacks'
  activesupport (3.2.13) lib/active_support/callbacks.rb:405:in `__run_callback'
  activesupport (3.2.13) lib/active_support/callbacks.rb:385:in `_run_call_callbacks'
  activesupport (3.2.13) lib/active_support/callbacks.rb:81:in `run_callbacks'
  actionpack (3.2.13) lib/action_dispatch/middleware/callbacks.rb:27:in `call'
  actionpack (3.2.13) lib/action_dispatch/middleware/reloader.rb:65:in `call'
  actionpack (3.2.13) lib/action_dispatch/middleware/remote_ip.rb:31:in `call'
  actionpack (3.2.13) lib/action_dispatch/middleware/debug_exceptions.rb:16:in `call'
  actionpack (3.2.13) lib/action_dispatch/middleware/show_exceptions.rb:56:in `call'
  railties (3.2.13) lib/rails/rack/logger.rb:32:in `call_app'
  railties (3.2.13) lib/rails/rack/logger.rb:16:in `block in call'
  activesupport (3.2.13) lib/active_support/tagged_logging.rb:22:in `tagged'
  railties (3.2.13) lib/rails/rack/logger.rb:16:in `call'
  actionpack (3.2.13) lib/action_dispatch/middleware/request_id.rb:22:in `call'
  rack (1.4.5) lib/rack/methodoverride.rb:21:in `call'
  rack (1.4.5) lib/rack/runtime.rb:17:in `call'
  activesupport (3.2.13) lib/active_support/cache/strategy/local_cache.rb:72:in `call'
  rack (1.4.5) lib/rack/lock.rb:15:in `call'
  actionpack (3.2.13) lib/action_dispatch/middleware/static.rb:63:in `call'
  railties (3.2.13) lib/rails/engine.rb:479:in `call'
  railties (3.2.13) lib/rails/application.rb:223:in `call'
  rack (1.4.5) lib/rack/content_length.rb:14:in `call'
  railties (3.2.13) lib/rails/rack/log_tailer.rb:17:in `call'
  rack (1.4.5) lib/rack/handler/webrick.rb:59:in `service'
  /Users/Colette/.rvm/rubies/ruby-1.9.3-p448/lib/ruby/1.9.1/webrick/httpserver.rb:138:in `service'
  /Users/Colette/.rvm/rubies/ruby-1.9.3-p448/lib/ruby/1.9.1/webrick/httpserver.rb:94:in `run'
  /Users/Colette/.rvm/rubies/ruby-1.9.3-p448/lib/ruby/1.9.1/webrick/server.rb:191:in `block in start_thread'


  Rendered /Users/Colette/.rvm/gems/ruby-1.9.3-p448@rails3/gems/actionpack-3.2.13/lib/action_dispatch/middleware/templates/rescues/missing_template.erb within rescues/layout (0.4ms)
Connecting to database specified by database.yml
  [1m[36m (0.6ms)[0m  [1mSELECT "schema_migrations"."version" FROM "schema_migrations" [0m
  [1m[35m (0.2ms)[0m  select sqlite_version(*)
  [1m[36m (1.2ms)[0m  [1mCREATE TABLE "users" ("id" INTEGER PRIMARY KEY AUTOINCREMENT NOT NULL, "name" varchar(255), "created_at" datetime NOT NULL, "updated_at" datetime NOT NULL) [0m
  [1m[35m (1.1ms)[0m  CREATE TABLE "schema_migrations" ("version" varchar(255) NOT NULL) 
  [1m[36m (1.0ms)[0m  [1mCREATE UNIQUE INDEX "unique_schema_migrations" ON "schema_migrations" ("version")[0m
  [1m[35m (0.1ms)[0m  SELECT version FROM "schema_migrations"
  [1m[36m (1.0ms)[0m  [1mINSERT INTO "schema_migrations" (version) VALUES ('20130726033228')[0m
Connecting to database specified by database.yml
  [1m[36m (0.1ms)[0m  [1mSELECT "schema_migrations"."version" FROM "schema_migrations" [0m
  [1m[35m (0.2ms)[0m  select sqlite_version(*)
  [1m[36m (1.2ms)[0m  [1mCREATE TABLE "users" ("id" INTEGER PRIMARY KEY AUTOINCREMENT NOT NULL, "name" varchar(255), "created_at" datetime NOT NULL, "updated_at" datetime NOT NULL) [0m
  [1m[35m (0.9ms)[0m  CREATE TABLE "schema_migrations" ("version" varchar(255) NOT NULL) 
  [1m[36m (0.9ms)[0m  [1mCREATE UNIQUE INDEX "unique_schema_migrations" ON "schema_migrations" ("version")[0m
  [1m[35m (0.1ms)[0m  SELECT version FROM "schema_migrations"
  [1m[36m (1.0ms)[0m  [1mINSERT INTO "schema_migrations" (version) VALUES ('20130726033228')[0m
Connecting to database specified by database.yml
  [1m[36m (0.1ms)[0m  [1mSELECT "schema_migrations"."version" FROM "schema_migrations" [0m
  [1m[35m (0.2ms)[0m  select sqlite_version(*)
  [1m[36m (2.7ms)[0m  [1mCREATE TABLE "users" ("id" INTEGER PRIMARY KEY AUTOINCREMENT NOT NULL, "name" varchar(255), "created_at" datetime NOT NULL, "updated_at" datetime NOT NULL) [0m
  [1m[35m (1.1ms)[0m  CREATE TABLE "schema_migrations" ("version" varchar(255) NOT NULL) 
  [1m[36m (1.2ms)[0m  [1mCREATE UNIQUE INDEX "unique_schema_migrations" ON "schema_migrations" ("version")[0m
  [1m[35m (0.1ms)[0m  SELECT version FROM "schema_migrations"
  [1m[36m (1.0ms)[0m  [1mINSERT INTO "schema_migrations" (version) VALUES ('20130726033228')[0m
Connecting to database specified by database.yml
  [1m[36m (0.1ms)[0m  [1mSELECT "schema_migrations"."version" FROM "schema_migrations" [0m
  [1m[35m (0.2ms)[0m  select sqlite_version(*)
  [1m[36m (2.8ms)[0m  [1mCREATE TABLE "users" ("id" INTEGER PRIMARY KEY AUTOINCREMENT NOT NULL, "name" varchar(255), "created_at" datetime NOT NULL, "updated_at" datetime NOT NULL) [0m
  [1m[35m (1.1ms)[0m  CREATE TABLE "schema_migrations" ("version" varchar(255) NOT NULL) 
  [1m[36m (1.1ms)[0m  [1mCREATE UNIQUE INDEX "unique_schema_migrations" ON "schema_migrations" ("version")[0m
  [1m[35m (0.1ms)[0m  SELECT version FROM "schema_migrations"
  [1m[36m (0.9ms)[0m  [1mINSERT INTO "schema_migrations" (version) VALUES ('20130726033228')[0m
Connecting to database specified by database.yml
  [1m[36m (0.1ms)[0m  [1mSELECT "schema_migrations"."version" FROM "schema_migrations" [0m
  [1m[35m (0.2ms)[0m  select sqlite_version(*)
  [1m[36m (2.5ms)[0m  [1mCREATE TABLE "users" ("id" INTEGER PRIMARY KEY AUTOINCREMENT NOT NULL, "name" varchar(255), "created_at" datetime NOT NULL, "updated_at" datetime NOT NULL) [0m
  [1m[35m (1.0ms)[0m  CREATE TABLE "schema_migrations" ("version" varchar(255) NOT NULL) 
  [1m[36m (1.1ms)[0m  [1mCREATE UNIQUE INDEX "unique_schema_migrations" ON "schema_migrations" ("version")[0m
  [1m[35m (0.1ms)[0m  SELECT version FROM "schema_migrations"
  [1m[36m (0.8ms)[0m  [1mINSERT INTO "schema_migrations" (version) VALUES ('20130726033228')[0m


Started GET "/" for 127.0.0.1 at 2013-07-25 22:08:35 -0700
Processing by UsersController#index as HTML
  Rendered users/index.html.erb within layouts/application (1.5ms)
Completed 500 Internal Server Error in 30ms

ActionView::Template::Error (undefined method `each' for nil:NilClass):
    2: 
    3: <!-- <h2>Users</h2>
    4: <ul>
    5:   <% @users.each do |user| %>
    6:   <li><%= link_to user.name, user %></li>
    7:   <% end %>
    8: </ul>
  app/views/users/index.html.erb:5:in `_app_views_users_index_html_erb__3132319165159231384_70209468186440'


  Rendered /Users/Colette/.rvm/gems/ruby-1.9.3-p448@rails3/gems/actionpack-3.2.13/lib/action_dispatch/middleware/templates/rescues/_trace.erb (1.2ms)
  Rendered /Users/Colette/.rvm/gems/ruby-1.9.3-p448@rails3/gems/actionpack-3.2.13/lib/action_dispatch/middleware/templates/rescues/_request_and_response.erb (0.9ms)
  Rendered /Users/Colette/.rvm/gems/ruby-1.9.3-p448@rails3/gems/actionpack-3.2.13/lib/action_dispatch/middleware/templates/rescues/template_error.erb within rescues/layout (10.2ms)


Started GET "/" for 127.0.0.1 at 2013-07-25 22:09:35 -0700
Processing by UsersController#index as HTML
  Rendered users/index.html.erb within layouts/application (2.2ms)
Completed 500 Internal Server Error in 5ms

ActionView::Template::Error (undefined method `each' for nil:NilClass):
    2: 
    3:  <!-- <h2>Users</h2>
    4: <ul>
    5:   <% @users.each do |user| %>
    6:   <li><%= link_to user.name, user %></li>
    7:   <% end %>
    8: </ul> -->
  app/views/users/index.html.erb:5:in `_app_views_users_index_html_erb__3132319165159231384_70209467878480'


  Rendered /Users/Colette/.rvm/gems/ruby-1.9.3-p448@rails3/gems/actionpack-3.2.13/lib/action_dispatch/middleware/templates/rescues/_trace.erb (1.2ms)
  Rendered /Users/Colette/.rvm/gems/ruby-1.9.3-p448@rails3/gems/actionpack-3.2.13/lib/action_dispatch/middleware/templates/rescues/_request_and_response.erb (0.8ms)
  Rendered /Users/Colette/.rvm/gems/ruby-1.9.3-p448@rails3/gems/actionpack-3.2.13/lib/action_dispatch/middleware/templates/rescues/template_error.erb within rescues/layout (7.9ms)


Started GET "/" for 127.0.0.1 at 2013-07-25 22:09:54 -0700
Processing by UsersController#index as HTML
  Rendered users/index.html.erb within layouts/application (0.7ms)
Compiled user.css  (38ms)  (pid 66529)
Compiled application.css  (47ms)  (pid 66529)
Compiled jquery.js  (19ms)  (pid 66529)
Compiled jquery_ujs.js  (0ms)  (pid 66529)
Compiled user.js  (119ms)  (pid 66529)
Compiled application.js  (206ms)  (pid 66529)
Compiled cocoon.js  (0ms)  (pid 66529)
Completed 200 OK in 322ms (Views: 322.0ms | ActiveRecord: 0.0ms)


Started GET "/assets/user.css?body=1" for 127.0.0.1 at 2013-07-25 22:09:55 -0700
Served asset /user.css - 200 OK (3ms)


Started GET "/assets/application.css?body=1" for 127.0.0.1 at 2013-07-25 22:09:55 -0700
Served asset /application.css - 304 Not Modified (11ms)


Started GET "/assets/cocoon.js?body=1" for 127.0.0.1 at 2013-07-25 22:09:55 -0700
Served asset /cocoon.js - 200 OK (2ms)


Started GET "/assets/jquery_ujs.js?body=1" for 127.0.0.1 at 2013-07-25 22:09:55 -0700
Served asset /jquery_ujs.js - 304 Not Modified (2ms)


Started GET "/assets/jquery.js?body=1" for 127.0.0.1 at 2013-07-25 22:09:55 -0700
Served asset /jquery.js - 304 Not Modified (3ms)


Started GET "/assets/user.js?body=1" for 127.0.0.1 at 2013-07-25 22:09:55 -0700
Served asset /user.js - 200 OK (2ms)


Started GET "/assets/application.js?body=1" for 127.0.0.1 at 2013-07-25 22:09:55 -0700
Served asset /application.js - 304 Not Modified (4ms)


Started GET "/users/new" for 127.0.0.1 at 2013-07-25 22:09:56 -0700
Processing by UsersController#new as HTML
  Rendered users/_form.html.erb (4.7ms)
  Rendered users/new.html.erb within layouts/application (13.9ms)
Completed 500 Internal Server Error in 17ms

ActionView::Template::Error (undefined method `title' for #<User id: nil, name: nil, created_at: nil, updated_at: nil>):
    3:     <ol>
    4:       <li class="ID">
    5:         <%= f.label :name, "User Name", class: "control-label" %>
    6:         <div class="controls"><%= f.text_field :title %></div>
    7:       </li>
    8:       <li class="ID">
    9:         <%= f.label :created_at, "This User began this phase", class: "control-label" %>
  app/views/users/_form.html.erb:6:in `block in _app_views_users__form_html_erb___1698036375801605680_70209468168300'
  app/views/users/_form.html.erb:1:in `_app_views_users__form_html_erb___1698036375801605680_70209468168300'
  app/views/users/new.html.erb:2:in `_app_views_users_new_html_erb___1973791285383911202_70209468115160'


  Rendered /Users/Colette/.rvm/gems/ruby-1.9.3-p448@rails3/gems/actionpack-3.2.13/lib/action_dispatch/middleware/templates/rescues/_trace.erb (1.2ms)
  Rendered /Users/Colette/.rvm/gems/ruby-1.9.3-p448@rails3/gems/actionpack-3.2.13/lib/action_dispatch/middleware/templates/rescues/_request_and_response.erb (1.0ms)
  Rendered /Users/Colette/.rvm/gems/ruby-1.9.3-p448@rails3/gems/actionpack-3.2.13/lib/action_dispatch/middleware/templates/rescues/template_error.erb within rescues/layout (25.0ms)


Started GET "/users/new" for 127.0.0.1 at 2013-07-25 22:11:09 -0700
Processing by UsersController#new as HTML
  Rendered users/_form.html.erb (2.8ms)
  Rendered users/new.html.erb within layouts/application (3.4ms)
Completed 500 Internal Server Error in 5ms

ActionView::Template::Error (undefined method `description' for #<User id: nil, name: nil, created_at: nil, updated_at: nil>):
    7:       </li>
    8:       <li class="ID">
    9:         <%= f.label :created_at, "This User began this phase", class: "control-label" %>
    10:         <!-- <div class="controls"><%= f.text_area :description, rows: 5 %></div>-- >
    11:       </li>
    12:       <li class="control-group">
    13:         <%= f.label :updated_at, "This user changed pases at", class: "control-label" %>
  app/views/users/_form.html.erb:10:in `block in _app_views_users__form_html_erb___1698036375801605680_70209466136960'
  app/views/users/_form.html.erb:1:in `_app_views_users__form_html_erb___1698036375801605680_70209466136960'
  app/views/users/new.html.erb:2:in `_app_views_users_new_html_erb___1973791285383911202_70209468115160'


  Rendered /Users/Colette/.rvm/gems/ruby-1.9.3-p448@rails3/gems/actionpack-3.2.13/lib/action_dispatch/middleware/templates/rescues/_trace.erb (1.2ms)
  Rendered /Users/Colette/.rvm/gems/ruby-1.9.3-p448@rails3/gems/actionpack-3.2.13/lib/action_dispatch/middleware/templates/rescues/_request_and_response.erb (0.8ms)
  Rendered /Users/Colette/.rvm/gems/ruby-1.9.3-p448@rails3/gems/actionpack-3.2.13/lib/action_dispatch/middleware/templates/rescues/template_error.erb within rescues/layout (7.5ms)


Started GET "/users/new" for 127.0.0.1 at 2013-07-25 22:12:35 -0700
Processing by UsersController#new as HTML
  Rendered users/_form.html.erb (4.7ms)
  Rendered users/new.html.erb within layouts/application (5.3ms)
Completed 500 Internal Server Error in 7ms

ActionView::Template::Error (Missing partial users/phase_fields, application/phase_fields with {:locale=>[:en], :formats=>[:html], :handlers=>[:erb, :builder, :coffee]}. Searched in:
  * "/Users/Colette/Dev_Stuff/CF_Tracker/app/views"
):
    19:   <fieldset id="User Phase">
    20:     <ol>
    21:       <%= f.fields_for :phase do |phase| %>
    22:         <%= render 'phase_fields', f: phase %>
    23:       <% end %>
    24:     </ol>
    25:     <%= link_to_add_association 'add phase', f, :quantities, 'data-association-insertion-node' => "#user-phase ol", 'data-association-insertion-method' => "append", :wrap_object => Proc.new {|level| level.build_phase; level } %>
  app/views/users/_form.html.erb:22:in `block (2 levels) in _app_views_users__form_html_erb___1698036375801605680_70209465982860'
  app/views/users/_form.html.erb:21:in `block in _app_views_users__form_html_erb___1698036375801605680_70209465982860'
  app/views/users/_form.html.erb:1:in `_app_views_users__form_html_erb___1698036375801605680_70209465982860'
  app/views/users/new.html.erb:2:in `_app_views_users_new_html_erb___1973791285383911202_70209468115160'


  Rendered /Users/Colette/.rvm/gems/ruby-1.9.3-p448@rails3/gems/actionpack-3.2.13/lib/action_dispatch/middleware/templates/rescues/_trace.erb (1.3ms)
  Rendered /Users/Colette/.rvm/gems/ruby-1.9.3-p448@rails3/gems/actionpack-3.2.13/lib/action_dispatch/middleware/templates/rescues/_request_and_response.erb (0.9ms)
  Rendered /Users/Colette/.rvm/gems/ruby-1.9.3-p448@rails3/gems/actionpack-3.2.13/lib/action_dispatch/middleware/templates/rescues/template_error.erb within rescues/layout (7.8ms)
Connecting to database specified by database.yml
Connecting to database specified by database.yml
Connecting to database specified by database.yml
  [1m[36m (0.1ms)[0m  [1mSELECT "schema_migrations"."version" FROM "schema_migrations" [0m
Connecting to database specified by database.yml
  [1m[36m (0.1ms)[0m  [1mSELECT "schema_migrations"."version" FROM "schema_migrations" [0m
Connecting to database specified by database.yml
  [1m[36m (0.1ms)[0m  [1mSELECT "schema_migrations"."version" FROM "schema_migrations" [0m
Connecting to database specified by database.yml
  [1m[36m (0.1ms)[0m  [1mSELECT "schema_migrations"."version" FROM "schema_migrations" [0m
Migrating to CreateUsers (20130726033228)
Migrating to CreatePhases (20130726052058)
  [1m[35m (0.0ms)[0m  select sqlite_version(*)
  [1m[36m (0.0ms)[0m  [1mbegin transaction[0m
  [1m[35m (0.1ms)[0m  rollback transaction
Connecting to database specified by database.yml
  [1m[36m (0.1ms)[0m  [1mSELECT "schema_migrations"."version" FROM "schema_migrations" [0m
Migrating to CreateUsers (20130726033228)
Migrating to CreatePhases (20130726052058)
  [1m[35m (0.0ms)[0m  select sqlite_version(*)
  [1m[36m (0.0ms)[0m  [1mbegin transaction[0m
  [1m[35m (0.0ms)[0m  rollback transaction
Connecting to database specified by database.yml
  [1m[36m (0.1ms)[0m  [1mSELECT "schema_migrations"."version" FROM "schema_migrations" [0m
Migrating to CreateUsers (20130726033228)
Migrating to CreatePhases (20130726052058)
  [1m[35m (0.0ms)[0m  select sqlite_version(*)
  [1m[36m (0.0ms)[0m  [1mbegin transaction[0m
  [1m[35m (0.1ms)[0m  rollback transaction
Connecting to database specified by database.yml
  [1m[36m (0.1ms)[0m  [1mSELECT "schema_migrations"."version" FROM "schema_migrations" [0m
Migrating to CreateUsers (20130726033228)
Migrating to CreatePhases (20130726052058)
  [1m[35m (0.0ms)[0m  select sqlite_version(*)
  [1m[36m (0.0ms)[0m  [1mbegin transaction[0m
  [1m[35m (0.1ms)[0m  rollback transaction
Connecting to database specified by database.yml
  [1m[36m (0.1ms)[0m  [1mSELECT "schema_migrations"."version" FROM "schema_migrations" [0m
Migrating to CreateUsers (20130726033228)
Migrating to CreatePhases (20130726052058)
  [1m[35m (0.0ms)[0m  select sqlite_version(*)
  [1m[36m (0.0ms)[0m  [1mbegin transaction[0m
  [1m[35m (0.4ms)[0m  CREATE TABLE "phases" ("id" INTEGER PRIMARY KEY AUTOINCREMENT NOT NULL, "follower" varchar(255), "admission" varchar(255), "student" varchar(255), "alumni" varchar(255), "users" varchar(255), "created_at" datetime NOT NULL, "updated_at" datetime NOT NULL) 
  [1m[36m (0.2ms)[0m  [1mINSERT INTO "schema_migrations" ("version") VALUES ('20130726052058')[0m
  [1m[35m (2.2ms)[0m  commit transaction
  [1m[36m (0.1ms)[0m  [1mSELECT "schema_migrations"."version" FROM "schema_migrations" [0m
Connecting to database specified by database.yml
  [1m[36m (0.1ms)[0m  [1mSELECT "schema_migrations"."version" FROM "schema_migrations" [0m
  [1m[35m (0.2ms)[0m  select sqlite_version(*)
  [1m[36m (1.3ms)[0m  [1mCREATE TABLE "phases" ("id" INTEGER PRIMARY KEY AUTOINCREMENT NOT NULL, "follower" varchar(255), "admission" varchar(255), "student" varchar(255), "alumni" varchar(255), "users" varchar(255), "created_at" datetime NOT NULL, "updated_at" datetime NOT NULL) [0m
  [1m[35m (1.1ms)[0m  CREATE TABLE "users" ("id" INTEGER PRIMARY KEY AUTOINCREMENT NOT NULL, "name" varchar(255), "created_at" datetime NOT NULL, "updated_at" datetime NOT NULL) 
  [1m[36m (1.0ms)[0m  [1mCREATE TABLE "schema_migrations" ("version" varchar(255) NOT NULL) [0m
  [1m[35m (0.9ms)[0m  CREATE UNIQUE INDEX "unique_schema_migrations" ON "schema_migrations" ("version")
  [1m[36m (0.1ms)[0m  [1mSELECT version FROM "schema_migrations"[0m
  [1m[35m (0.7ms)[0m  INSERT INTO "schema_migrations" (version) VALUES ('20130726052058')
  [1m[36m (0.7ms)[0m  [1mINSERT INTO "schema_migrations" (version) VALUES ('20130726033228')[0m
Connecting to database specified by database.yml
  [1m[36m (0.1ms)[0m  [1mSELECT "schema_migrations"."version" FROM "schema_migrations" [0m
  [1m[35m (0.2ms)[0m  select sqlite_version(*)
  [1m[36m (3.2ms)[0m  [1mCREATE TABLE "phases" ("id" INTEGER PRIMARY KEY AUTOINCREMENT NOT NULL, "follower" varchar(255), "admission" varchar(255), "student" varchar(255), "alumni" varchar(255), "users" varchar(255), "created_at" datetime NOT NULL, "updated_at" datetime NOT NULL) [0m
  [1m[35m (1.2ms)[0m  CREATE TABLE "users" ("id" INTEGER PRIMARY KEY AUTOINCREMENT NOT NULL, "name" varchar(255), "created_at" datetime NOT NULL, "updated_at" datetime NOT NULL) 
  [1m[36m (0.9ms)[0m  [1mCREATE TABLE "schema_migrations" ("version" varchar(255) NOT NULL) [0m
  [1m[35m (0.9ms)[0m  CREATE UNIQUE INDEX "unique_schema_migrations" ON "schema_migrations" ("version")
  [1m[36m (0.1ms)[0m  [1mSELECT version FROM "schema_migrations"[0m
  [1m[35m (0.8ms)[0m  INSERT INTO "schema_migrations" (version) VALUES ('20130726052058')
  [1m[36m (0.7ms)[0m  [1mINSERT INTO "schema_migrations" (version) VALUES ('20130726033228')[0m
Connecting to database specified by database.yml
  [1m[36m (0.1ms)[0m  [1mSELECT "schema_migrations"."version" FROM "schema_migrations" [0m
  [1m[35m (0.2ms)[0m  select sqlite_version(*)
  [1m[36m (2.7ms)[0m  [1mCREATE TABLE "phases" ("id" INTEGER PRIMARY KEY AUTOINCREMENT NOT NULL, "follower" varchar(255), "admission" varchar(255), "student" varchar(255), "alumni" varchar(255), "users" varchar(255), "created_at" datetime NOT NULL, "updated_at" datetime NOT NULL) [0m
  [1m[35m (1.3ms)[0m  CREATE TABLE "users" ("id" INTEGER PRIMARY KEY AUTOINCREMENT NOT NULL, "name" varchar(255), "created_at" datetime NOT NULL, "updated_at" datetime NOT NULL) 
  [1m[36m (1.1ms)[0m  [1mCREATE TABLE "schema_migrations" ("version" varchar(255) NOT NULL) [0m
  [1m[35m (1.0ms)[0m  CREATE UNIQUE INDEX "unique_schema_migrations" ON "schema_migrations" ("version")
  [1m[36m (0.1ms)[0m  [1mSELECT version FROM "schema_migrations"[0m
  [1m[35m (0.9ms)[0m  INSERT INTO "schema_migrations" (version) VALUES ('20130726052058')
  [1m[36m (0.8ms)[0m  [1mINSERT INTO "schema_migrations" (version) VALUES ('20130726033228')[0m
Connecting to database specified by database.yml
Connecting to database specified by database.yml
Connecting to database specified by database.yml
  [1m[36m (0.1ms)[0m  [1mSELECT "schema_migrations"."version" FROM "schema_migrations" [0m
Migrating to CreateUsers (20130726033228)
Migrating to CreatePhases (20130726052058)
Migrating to CreateAssignments (20130726053536)
  [1m[35m (0.0ms)[0m  select sqlite_version(*)
  [1m[36m (0.0ms)[0m  [1mbegin transaction[0m
  [1m[35m (0.1ms)[0m  rollback transaction
Connecting to database specified by database.yml
  [1m[36m (0.1ms)[0m  [1mSELECT "schema_migrations"."version" FROM "schema_migrations" [0m
Migrating to CreateUsers (20130726033228)
Migrating to CreatePhases (20130726052058)
Migrating to CreateAssignments (20130726053536)
  [1m[35m (0.0ms)[0m  select sqlite_version(*)
  [1m[36m (0.0ms)[0m  [1mbegin transaction[0m
  [1m[35m (0.1ms)[0m  CREATE TABLE "assignments" ("id" INTEGER PRIMARY KEY AUTOINCREMENT NOT NULL, "ID" integer, "users_id" integer, "phases_id" integer, "created_at" datetime NOT NULL, "updated_at" datetime NOT NULL) 
SQLite3::SQLException: duplicate column name: ID: CREATE TABLE "assignments" ("id" INTEGER PRIMARY KEY AUTOINCREMENT NOT NULL, "ID" integer, "users_id" integer, "phases_id" integer, "created_at" datetime NOT NULL, "updated_at" datetime NOT NULL) 
  [1m[36m (0.0ms)[0m  [1mrollback transaction[0m
Connecting to database specified by database.yml
  [1m[36m (0.1ms)[0m  [1mSELECT "schema_migrations"."version" FROM "schema_migrations" [0m
Migrating to CreateUsers (20130726033228)
Migrating to CreatePhases (20130726052058)
Migrating to CreateAssignments (20130726053536)
  [1m[35m (0.0ms)[0m  select sqlite_version(*)
  [1m[36m (0.0ms)[0m  [1mbegin transaction[0m
  [1m[35m (0.4ms)[0m  CREATE TABLE "assignments" ("id" INTEGER PRIMARY KEY AUTOINCREMENT NOT NULL, "users_id" integer, "phases_id" integer, "created_at" datetime NOT NULL, "updated_at" datetime NOT NULL) 
  [1m[36m (0.1ms)[0m  [1mINSERT INTO "schema_migrations" ("version") VALUES ('20130726053536')[0m
  [1m[35m (2.3ms)[0m  commit transaction
  [1m[36m (0.1ms)[0m  [1mSELECT "schema_migrations"."version" FROM "schema_migrations" [0m
Connecting to database specified by database.yml
  [1m[36m (0.1ms)[0m  [1mSELECT "schema_migrations"."version" FROM "schema_migrations" [0m
  [1m[35m (0.2ms)[0m  select sqlite_version(*)
  [1m[36m (3.0ms)[0m  [1mCREATE TABLE "assignments" ("id" INTEGER PRIMARY KEY AUTOINCREMENT NOT NULL, "users_id" integer, "phases_id" integer, "created_at" datetime NOT NULL, "updated_at" datetime NOT NULL) [0m
  [1m[35m (1.2ms)[0m  CREATE TABLE "phases" ("id" INTEGER PRIMARY KEY AUTOINCREMENT NOT NULL, "follower" varchar(255), "admission" varchar(255), "student" varchar(255), "alumni" varchar(255), "users" varchar(255), "created_at" datetime NOT NULL, "updated_at" datetime NOT NULL) 
  [1m[36m (1.2ms)[0m  [1mCREATE TABLE "users" ("id" INTEGER PRIMARY KEY AUTOINCREMENT NOT NULL, "name" varchar(255), "created_at" datetime NOT NULL, "updated_at" datetime NOT NULL) [0m
  [1m[35m (1.0ms)[0m  CREATE TABLE "schema_migrations" ("version" varchar(255) NOT NULL) 
  [1m[36m (0.9ms)[0m  [1mCREATE UNIQUE INDEX "unique_schema_migrations" ON "schema_migrations" ("version")[0m
  [1m[35m (0.1ms)[0m  SELECT version FROM "schema_migrations"
  [1m[36m (0.9ms)[0m  [1mINSERT INTO "schema_migrations" (version) VALUES ('20130726053536')[0m
  [1m[35m (0.8ms)[0m  INSERT INTO "schema_migrations" (version) VALUES ('20130726033228')
  [1m[36m (0.9ms)[0m  [1mINSERT INTO "schema_migrations" (version) VALUES ('20130726052058')[0m
